[2020-11-18 11:28:02] dev.ERROR: PDOException: SQLSTATE[42S22]: Column not found: 1054 Unknown column 'fasting_day_id' in 'field list' in C:\xaamp_server\htdocs\install-master\install-master\vendor\doctrine\dbal\lib\Doctrine\DBAL\Driver\PDOConnection.php:77
Stack trace:
#0 C:\xaamp_server\htdocs\install-master\install-master\vendor\doctrine\dbal\lib\Doctrine\DBAL\Driver\PDOConnection.php(77): PDO->prepare('update `elielbl...', Array)
#1 C:\xaamp_server\htdocs\install-master\install-master\vendor\laravel\framework\src\Illuminate\Database\Connection.php(479): Doctrine\DBAL\Driver\PDOConnection->prepare('update `elielbl...')
#2 C:\xaamp_server\htdocs\install-master\install-master\vendor\laravel\framework\src\Illuminate\Database\Connection.php(657): Illuminate\Database\Connection->Illuminate\Database\{closure}('update `elielbl...', Array)
#3 C:\xaamp_server\htdocs\install-master\install-master\vendor\laravel\framework\src\Illuminate\Database\Connection.php(624): Illuminate\Database\Connection->runQueryCallback('update `elielbl...', Array, Object(Closure))
#4 C:\xaamp_server\htdocs\install-master\install-master\vendor\laravel\framework\src\Illuminate\Database\Connection.php(490): Illuminate\Database\Connection->run('update `elielbl...', Array, Object(Closure))
#5 C:\xaamp_server\htdocs\install-master\install-master\vendor\laravel\framework\src\Illuminate\Database\Connection.php(423): Illuminate\Database\Connection->affectingStatement('update `elielbl...', Array)
#6 C:\xaamp_server\htdocs\install-master\install-master\vendor\laravel\framework\src\Illuminate\Database\Query\Builder.php(2173): Illuminate\Database\Connection->update('update `elielbl...', Array)
#7 C:\xaamp_server\htdocs\install-master\install-master\vendor\october\rain\src\Database\QueryBuilder.php(251): Illuminate\Database\Query\Builder->update(Array)
#8 C:\xaamp_server\htdocs\install-master\install-master\vendor\laravel\framework\src\Illuminate\Database\Eloquent\Builder.php(780): October\Rain\Database\QueryBuilder->update(Array)
#9 C:\xaamp_server\htdocs\install-master\install-master\vendor\laravel\framework\src\Illuminate\Database\Eloquent\Model.php(628): Illuminate\Database\Eloquent\Builder->update(Array)
#10 C:\xaamp_server\htdocs\install-master\install-master\vendor\laravel\framework\src\Illuminate\Database\Eloquent\Model.php(543): Illuminate\Database\Eloquent\Model->performUpdate(Object(October\Rain\Database\Builder))
#11 C:\xaamp_server\htdocs\install-master\install-master\vendor\october\rain\src\Database\Model.php(761): Illuminate\Database\Eloquent\Model->save(Array)
#12 C:\xaamp_server\htdocs\install-master\install-master\vendor\october\rain\src\Database\Model.php(794): October\Rain\Database\Model->saveInternal(Array)
#13 C:\xaamp_server\htdocs\install-master\install-master\modules\backend\behaviors\FormController.php(320): October\Rain\Database\Model->save(NULL, 'YCvG6xoFW2ip4wl...')
#14 C:\xaamp_server\htdocs\install-master\install-master\vendor\laravel\framework\src\Illuminate\Database\Concerns\ManagesTransactions.php(29): Backend\Behaviors\FormController->Backend\Behaviors\{closure}(Object(October\Rain\Database\Connections\MySqlConnection))
#15 C:\xaamp_server\htdocs\install-master\install-master\vendor\laravel\framework\src\Illuminate\Database\DatabaseManager.php(327): Illuminate\Database\Connection->transaction(Object(Closure))
#16 C:\xaamp_server\htdocs\install-master\install-master\vendor\laravel\framework\src\Illuminate\Support\Facades\Facade.php(221): Illuminate\Database\DatabaseManager->__call('transaction', Array)
#17 C:\xaamp_server\htdocs\install-master\install-master\modules\backend\behaviors\FormController.php(322): Illuminate\Support\Facades\Facade::__callStatic('transaction', Array)
#18 [internal function]: Backend\Behaviors\FormController->update_onSave('1')
#19 C:\xaamp_server\htdocs\install-master\install-master\vendor\october\rain\src\Extension\ExtendableTrait.php(414): call_user_func_array(Array, Array)
#20 C:\xaamp_server\htdocs\install-master\install-master\modules\backend\classes\Controller.php(184): Backend\Classes\Controller->extendableCall('update_onSave', Array)
#21 [internal function]: Backend\Classes\Controller->__call('update_onSave', Array)
#22 C:\xaamp_server\htdocs\install-master\install-master\modules\backend\classes\Controller.php(620): call_user_func_array(Array, Array)
#23 C:\xaamp_server\htdocs\install-master\install-master\modules\backend\classes\Controller.php(478): Backend\Classes\Controller->runAjaxHandler('onSave')
#24 C:\xaamp_server\htdocs\install-master\install-master\modules\backend\classes\Controller.php(277): Backend\Classes\Controller->execAjaxHandlers()
#25 C:\xaamp_server\htdocs\install-master\install-master\modules\backend\classes\BackendController.php(165): Backend\Classes\Controller->run('update', Array)
#26 [internal function]: Backend\Classes\BackendController->run('elielbluejack/f...')
#27 C:\xaamp_server\htdocs\install-master\install-master\vendor\laravel\framework\src\Illuminate\Routing\Controller.php(54): call_user_func_array(Array, Array)
#28 C:\xaamp_server\htdocs\install-master\install-master\vendor\laravel\framework\src\Illuminate\Routing\ControllerDispatcher.php(45): Illuminate\Routing\Controller->callAction('run', Array)
#29 C:\xaamp_server\htdocs\install-master\install-master\vendor\laravel\framework\src\Illuminate\Routing\Route.php(212): Illuminate\Routing\ControllerDispatcher->dispatch(Object(Illuminate\Routing\Route), Object(Backend\Classes\BackendController), 'run')
#30 C:\xaamp_server\htdocs\install-master\install-master\vendor\laravel\framework\src\Illuminate\Routing\Route.php(169): Illuminate\Routing\Route->runController()
#31 C:\xaamp_server\htdocs\install-master\install-master\vendor\laravel\framework\src\Illuminate\Routing\Router.php(658): Illuminate\Routing\Route->run()
#32 C:\xaamp_server\htdocs\install-master\install-master\vendor\laravel\framework\src\Illuminate\Routing\Pipeline.php(30): Illuminate\Routing\Router->Illuminate\Routing\{closure}(Object(Illuminate\Http\Request))
#33 C:\xaamp_server\htdocs\install-master\install-master\modules\backend\classes\BackendController.php(68): Illuminate\Routing\Pipeline->Illuminate\Routing\{closure}(Object(Illuminate\Http\Request))
#34 C:\xaamp_server\htdocs\install-master\install-master\vendor\laravel\framework\src\Illuminate\Pipeline\Pipeline.php(131): Backend\Classes\BackendController->Backend\Classes\{closure}(Object(Illuminate\Http\Request), Object(Closure))
#35 C:\xaamp_server\htdocs\install-master\install-master\vendor\laravel\framework\src\Illuminate\Routing\Pipeline.php(53): Illuminate\Pipeline\Pipeline->Illuminate\Pipeline\{closure}(Object(Illuminate\Http\Request))
#36 C:\xaamp_server\htdocs\install-master\install-master\vendor\laravel\framework\src\Illuminate\Routing\Middleware\SubstituteBindings.php(41): Illuminate\Routing\Pipeline->Illuminate\Routing\{closure}(Object(Illuminate\Http\Request))
#37 C:\xaamp_server\htdocs\install-master\install-master\vendor\laravel\framework\src\Illuminate\Pipeline\Pipeline.php(149): Illuminate\Routing\Middleware\SubstituteBindings->handle(Object(Illuminate\Http\Request), Object(Closure))
#38 C:\xaamp_server\htdocs\install-master\install-master\vendor\laravel\framework\src\Illuminate\Routing\Pipeline.php(53): Illuminate\Pipeline\Pipeline->Illuminate\Pipeline\{closure}(Object(Illuminate\Http\Request))
#39 C:\xaamp_server\htdocs\install-master\install-master\vendor\laravel\framework\src\Illuminate\View\Middleware\ShareErrorsFromSession.php(49): Illuminate\Routing\Pipeline->Illuminate\Routing\{closure}(Object(Illuminate\Http\Request))
#40 C:\xaamp_server\htdocs\install-master\install-master\vendor\laravel\framework\src\Illuminate\Pipeline\Pipeline.php(149): Illuminate\View\Middleware\ShareErrorsFromSession->handle(Object(Illuminate\Http\Request), Object(Closure))
#41 C:\xaamp_server\htdocs\install-master\install-master\vendor\laravel\framework\src\Illuminate\Routing\Pipeline.php(53): Illuminate\Pipeline\Pipeline->Illuminate\Pipeline\{closure}(Object(Illuminate\Http\Request))
#42 C:\xaamp_server\htdocs\install-master\install-master\vendor\laravel\framework\src\Illuminate\Session\Middleware\StartSession.php(63): Illuminate\Routing\Pipeline->Illuminate\Routing\{closure}(Object(Illuminate\Http\Request))
#43 C:\xaamp_server\htdocs\install-master\install-master\vendor\laravel\framework\src\Illuminate\Pipeline\Pipeline.php(149): Illuminate\Session\Middleware\StartSession->handle(Object(Illuminate\Http\Request), Object(Closure))
#44 C:\xaamp_server\htdocs\install-master\install-master\vendor\laravel\framework\src\Illuminate\Routing\Pipeline.php(53): Illuminate\Pipeline\Pipeline->Illuminate\Pipeline\{closure}(Object(Illuminate\Http\Request))
#45 C:\xaamp_server\htdocs\install-master\install-master\vendor\laravel\framework\src\Illuminate\Cookie\Middleware\AddQueuedCookiesToResponse.php(37): Illuminate\Routing\Pipeline->Illuminate\Routing\{closure}(Object(Illuminate\Http\Request))
#46 C:\xaamp_server\htdocs\install-master\install-master\vendor\laravel\framework\src\Illuminate\Pipeline\Pipeline.php(149): Illuminate\Cookie\Middleware\AddQueuedCookiesToResponse->handle(Object(Illuminate\Http\Request), Object(Closure))
#47 C:\xaamp_server\htdocs\install-master\install-master\vendor\laravel\framework\src\Illuminate\Routing\Pipeline.php(53): Illuminate\Pipeline\Pipeline->Illuminate\Pipeline\{closure}(Object(Illuminate\Http\Request))
#48 C:\xaamp_server\htdocs\install-master\install-master\vendor\laravel\framework\src\Illuminate\Cookie\Middleware\EncryptCookies.php(68): Illuminate\Routing\Pipeline->Illuminate\Routing\{closure}(Object(Illuminate\Http\Request))
#49 C:\xaamp_server\htdocs\install-master\install-master\vendor\laravel\framework\src\Illuminate\Pipeline\Pipeline.php(149): Illuminate\Cookie\Middleware\EncryptCookies->handle(Object(Illuminate\Http\Request), Object(Closure))
#50 C:\xaamp_server\htdocs\install-master\install-master\vendor\laravel\framework\src\Illuminate\Routing\Pipeline.php(53): Illuminate\Pipeline\Pipeline->Illuminate\Pipeline\{closure}(Object(Illuminate\Http\Request))
#51 C:\xaamp_server\htdocs\install-master\install-master\vendor\laravel\framework\src\Illuminate\Pipeline\Pipeline.php(102): Illuminate\Routing\Pipeline->Illuminate\Routing\{closure}(Object(Illuminate\Http\Request))
#52 C:\xaamp_server\htdocs\install-master\install-master\vendor\laravel\framework\src\Illuminate\Routing\Router.php(660): Illuminate\Pipeline\Pipeline->then(Object(Closure))
#53 C:\xaamp_server\htdocs\install-master\install-master\vendor\laravel\framework\src\Illuminate\Routing\Router.php(635): Illuminate\Routing\Router->runRouteWithinStack(Object(Illuminate\Routing\Route), Object(Illuminate\Http\Request))
#54 C:\xaamp_server\htdocs\install-master\install-master\vendor\laravel\framework\src\Illuminate\Routing\Router.php(601): Illuminate\Routing\Router->runRoute(Object(Illuminate\Http\Request), Object(Illuminate\Routing\Route))
#55 C:\xaamp_server\htdocs\install-master\install-master\vendor\october\rain\src\Router\CoreRouter.php(20): Illuminate\Routing\Router->dispatchToRoute(Object(Illuminate\Http\Request))
#56 C:\xaamp_server\htdocs\install-master\install-master\vendor\laravel\framework\src\Illuminate\Foundation\Http\Kernel.php(176): October\Rain\Router\CoreRouter->dispatch(Object(Illuminate\Http\Request))
#57 C:\xaamp_server\htdocs\install-master\install-master\vendor\laravel\framework\src\Illuminate\Routing\Pipeline.php(30): Illuminate\Foundation\Http\Kernel->Illuminate\Foundation\Http\{closure}(Object(Illuminate\Http\Request))
#58 C:\xaamp_server\htdocs\install-master\install-master\vendor\laravel\framework\src\Illuminate\Foundation\Http\Middleware\CheckForMaintenanceMode.php(46): Illuminate\Routing\Pipeline->Illuminate\Routing\{closure}(Object(Illuminate\Http\Request))
#59 C:\xaamp_server\htdocs\install-master\install-master\vendor\october\rain\src\Foundation\Http\Middleware\CheckForMaintenanceMode.php(25): Illuminate\Foundation\Http\Middleware\CheckForMaintenanceMode->handle(Object(Illuminate\Http\Request), Object(Closure))
#60 C:\xaamp_server\htdocs\install-master\install-master\vendor\laravel\framework\src\Illuminate\Pipeline\Pipeline.php(149): October\Rain\Foundation\Http\Middleware\CheckForMaintenanceMode->handle(Object(Illuminate\Http\Request), Object(Closure))
#61 C:\xaamp_server\htdocs\install-master\install-master\vendor\laravel\framework\src\Illuminate\Routing\Pipeline.php(53): Illuminate\Pipeline\Pipeline->Illuminate\Pipeline\{closure}(Object(Illuminate\Http\Request))
#62 C:\xaamp_server\htdocs\install-master\install-master\vendor\laravel\framework\src\Illuminate\Pipeline\Pipeline.php(102): Illuminate\Routing\Pipeline->Illuminate\Routing\{closure}(Object(Illuminate\Http\Request))
#63 C:\xaamp_server\htdocs\install-master\install-master\vendor\laravel\framework\src\Illuminate\Foundation\Http\Kernel.php(151): Illuminate\Pipeline\Pipeline->then(Object(Closure))
#64 C:\xaamp_server\htdocs\install-master\install-master\vendor\laravel\framework\src\Illuminate\Foundation\Http\Kernel.php(116): Illuminate\Foundation\Http\Kernel->sendRequestThroughRouter(Object(Illuminate\Http\Request))
#65 C:\xaamp_server\htdocs\install-master\install-master\index.php(43): Illuminate\Foundation\Http\Kernel->handle(Object(Illuminate\Http\Request))
#66 {main}

Next Doctrine\DBAL\Driver\PDOException: SQLSTATE[42S22]: Column not found: 1054 Unknown column 'fasting_day_id' in 'field list' in C:\xaamp_server\htdocs\install-master\install-master\vendor\doctrine\dbal\lib\Doctrine\DBAL\Driver\PDOConnection.php:79
Stack trace:
#0 C:\xaamp_server\htdocs\install-master\install-master\vendor\laravel\framework\src\Illuminate\Database\Connection.php(479): Doctrine\DBAL\Driver\PDOConnection->prepare('update `elielbl...')
#1 C:\xaamp_server\htdocs\install-master\install-master\vendor\laravel\framework\src\Illuminate\Database\Connection.php(657): Illuminate\Database\Connection->Illuminate\Database\{closure}('update `elielbl...', Array)
#2 C:\xaamp_server\htdocs\install-master\install-master\vendor\laravel\framework\src\Illuminate\Database\Connection.php(624): Illuminate\Database\Connection->runQueryCallback('update `elielbl...', Array, Object(Closure))
#3 C:\xaamp_server\htdocs\install-master\install-master\vendor\laravel\framework\src\Illuminate\Database\Connection.php(490): Illuminate\Database\Connection->run('update `elielbl...', Array, Object(Closure))
#4 C:\xaamp_server\htdocs\install-master\install-master\vendor\laravel\framework\src\Illuminate\Database\Connection.php(423): Illuminate\Database\Connection->affectingStatement('update `elielbl...', Array)
#5 C:\xaamp_server\htdocs\install-master\install-master\vendor\laravel\framework\src\Illuminate\Database\Query\Builder.php(2173): Illuminate\Database\Connection->update('update `elielbl...', Array)
#6 C:\xaamp_server\htdocs\install-master\install-master\vendor\october\rain\src\Database\QueryBuilder.php(251): Illuminate\Database\Query\Builder->update(Array)
#7 C:\xaamp_server\htdocs\install-master\install-master\vendor\laravel\framework\src\Illuminate\Database\Eloquent\Builder.php(780): October\Rain\Database\QueryBuilder->update(Array)
#8 C:\xaamp_server\htdocs\install-master\install-master\vendor\laravel\framework\src\Illuminate\Database\Eloquent\Model.php(628): Illuminate\Database\Eloquent\Builder->update(Array)
#9 C:\xaamp_server\htdocs\install-master\install-master\vendor\laravel\framework\src\Illuminate\Database\Eloquent\Model.php(543): Illuminate\Database\Eloquent\Model->performUpdate(Object(October\Rain\Database\Builder))
#10 C:\xaamp_server\htdocs\install-master\install-master\vendor\october\rain\src\Database\Model.php(761): Illuminate\Database\Eloquent\Model->save(Array)
#11 C:\xaamp_server\htdocs\install-master\install-master\vendor\october\rain\src\Database\Model.php(794): October\Rain\Database\Model->saveInternal(Array)
#12 C:\xaamp_server\htdocs\install-master\install-master\modules\backend\behaviors\FormController.php(320): October\Rain\Database\Model->save(NULL, 'YCvG6xoFW2ip4wl...')
#13 C:\xaamp_server\htdocs\install-master\install-master\vendor\laravel\framework\src\Illuminate\Database\Concerns\ManagesTransactions.php(29): Backend\Behaviors\FormController->Backend\Behaviors\{closure}(Object(October\Rain\Database\Connections\MySqlConnection))
#14 C:\xaamp_server\htdocs\install-master\install-master\vendor\laravel\framework\src\Illuminate\Database\DatabaseManager.php(327): Illuminate\Database\Connection->transaction(Object(Closure))
#15 C:\xaamp_server\htdocs\install-master\install-master\vendor\laravel\framework\src\Illuminate\Support\Facades\Facade.php(221): Illuminate\Database\DatabaseManager->__call('transaction', Array)
#16 C:\xaamp_server\htdocs\install-master\install-master\modules\backend\behaviors\FormController.php(322): Illuminate\Support\Facades\Facade::__callStatic('transaction', Array)
#17 [internal function]: Backend\Behaviors\FormController->update_onSave('1')
#18 C:\xaamp_server\htdocs\install-master\install-master\vendor\october\rain\src\Extension\ExtendableTrait.php(414): call_user_func_array(Array, Array)
#19 C:\xaamp_server\htdocs\install-master\install-master\modules\backend\classes\Controller.php(184): Backend\Classes\Controller->extendableCall('update_onSave', Array)
#20 [internal function]: Backend\Classes\Controller->__call('update_onSave', Array)
#21 C:\xaamp_server\htdocs\install-master\install-master\modules\backend\classes\Controller.php(620): call_user_func_array(Array, Array)
#22 C:\xaamp_server\htdocs\install-master\install-master\modules\backend\classes\Controller.php(478): Backend\Classes\Controller->runAjaxHandler('onSave')
#23 C:\xaamp_server\htdocs\install-master\install-master\modules\backend\classes\Controller.php(277): Backend\Classes\Controller->execAjaxHandlers()
#24 C:\xaamp_server\htdocs\install-master\install-master\modules\backend\classes\BackendController.php(165): Backend\Classes\Controller->run('update', Array)
#25 [internal function]: Backend\Classes\BackendController->run('elielbluejack/f...')
#26 C:\xaamp_server\htdocs\install-master\install-master\vendor\laravel\framework\src\Illuminate\Routing\Controller.php(54): call_user_func_array(Array, Array)
#27 C:\xaamp_server\htdocs\install-master\install-master\vendor\laravel\framework\src\Illuminate\Routing\ControllerDispatcher.php(45): Illuminate\Routing\Controller->callAction('run', Array)
#28 C:\xaamp_server\htdocs\install-master\install-master\vendor\laravel\framework\src\Illuminate\Routing\Route.php(212): Illuminate\Routing\ControllerDispatcher->dispatch(Object(Illuminate\Routing\Route), Object(Backend\Classes\BackendController), 'run')
#29 C:\xaamp_server\htdocs\install-master\install-master\vendor\laravel\framework\src\Illuminate\Routing\Route.php(169): Illuminate\Routing\Route->runController()
#30 C:\xaamp_server\htdocs\install-master\install-master\vendor\laravel\framework\src\Illuminate\Routing\Router.php(658): Illuminate\Routing\Route->run()
#31 C:\xaamp_server\htdocs\install-master\install-master\vendor\laravel\framework\src\Illuminate\Routing\Pipeline.php(30): Illuminate\Routing\Router->Illuminate\Routing\{closure}(Object(Illuminate\Http\Request))
#32 C:\xaamp_server\htdocs\install-master\install-master\modules\backend\classes\BackendController.php(68): Illuminate\Routing\Pipeline->Illuminate\Routing\{closure}(Object(Illuminate\Http\Request))
#33 C:\xaamp_server\htdocs\install-master\install-master\vendor\laravel\framework\src\Illuminate\Pipeline\Pipeline.php(131): Backend\Classes\BackendController->Backend\Classes\{closure}(Object(Illuminate\Http\Request), Object(Closure))
#34 C:\xaamp_server\htdocs\install-master\install-master\vendor\laravel\framework\src\Illuminate\Routing\Pipeline.php(53): Illuminate\Pipeline\Pipeline->Illuminate\Pipeline\{closure}(Object(Illuminate\Http\Request))
#35 C:\xaamp_server\htdocs\install-master\install-master\vendor\laravel\framework\src\Illuminate\Routing\Middleware\SubstituteBindings.php(41): Illuminate\Routing\Pipeline->Illuminate\Routing\{closure}(Object(Illuminate\Http\Request))
#36 C:\xaamp_server\htdocs\install-master\install-master\vendor\laravel\framework\src\Illuminate\Pipeline\Pipeline.php(149): Illuminate\Routing\Middleware\SubstituteBindings->handle(Object(Illuminate\Http\Request), Object(Closure))
#37 C:\xaamp_server\htdocs\install-master\install-master\vendor\laravel\framework\src\Illuminate\Routing\Pipeline.php(53): Illuminate\Pipeline\Pipeline->Illuminate\Pipeline\{closure}(Object(Illuminate\Http\Request))
#38 C:\xaamp_server\htdocs\install-master\install-master\vendor\laravel\framework\src\Illuminate\View\Middleware\ShareErrorsFromSession.php(49): Illuminate\Routing\Pipeline->Illuminate\Routing\{closure}(Object(Illuminate\Http\Request))
#39 C:\xaamp_server\htdocs\install-master\install-master\vendor\laravel\framework\src\Illuminate\Pipeline\Pipeline.php(149): Illuminate\View\Middleware\ShareErrorsFromSession->handle(Object(Illuminate\Http\Request), Object(Closure))
#40 C:\xaamp_server\htdocs\install-master\install-master\vendor\laravel\framework\src\Illuminate\Routing\Pipeline.php(53): Illuminate\Pipeline\Pipeline->Illuminate\Pipeline\{closure}(Object(Illuminate\Http\Request))
#41 C:\xaamp_server\htdocs\install-master\install-master\vendor\laravel\framework\src\Illuminate\Session\Middleware\StartSession.php(63): Illuminate\Routing\Pipeline->Illuminate\Routing\{closure}(Object(Illuminate\Http\Request))
#42 C:\xaamp_server\htdocs\install-master\install-master\vendor\laravel\framework\src\Illuminate\Pipeline\Pipeline.php(149): Illuminate\Session\Middleware\StartSession->handle(Object(Illuminate\Http\Request), Object(Closure))
#43 C:\xaamp_server\htdocs\install-master\install-master\vendor\laravel\framework\src\Illuminate\Routing\Pipeline.php(53): Illuminate\Pipeline\Pipeline->Illuminate\Pipeline\{closure}(Object(Illuminate\Http\Request))
#44 C:\xaamp_server\htdocs\install-master\install-master\vendor\laravel\framework\src\Illuminate\Cookie\Middleware\AddQueuedCookiesToResponse.php(37): Illuminate\Routing\Pipeline->Illuminate\Routing\{closure}(Object(Illuminate\Http\Request))
#45 C:\xaamp_server\htdocs\install-master\install-master\vendor\laravel\framework\src\Illuminate\Pipeline\Pipeline.php(149): Illuminate\Cookie\Middleware\AddQueuedCookiesToResponse->handle(Object(Illuminate\Http\Request), Object(Closure))
#46 C:\xaamp_server\htdocs\install-master\install-master\vendor\laravel\framework\src\Illuminate\Routing\Pipeline.php(53): Illuminate\Pipeline\Pipeline->Illuminate\Pipeline\{closure}(Object(Illuminate\Http\Request))
#47 C:\xaamp_server\htdocs\install-master\install-master\vendor\laravel\framework\src\Illuminate\Cookie\Middleware\EncryptCookies.php(68): Illuminate\Routing\Pipeline->Illuminate\Routing\{closure}(Object(Illuminate\Http\Request))
#48 C:\xaamp_server\htdocs\install-master\install-master\vendor\laravel\framework\src\Illuminate\Pipeline\Pipeline.php(149): Illuminate\Cookie\Middleware\EncryptCookies->handle(Object(Illuminate\Http\Request), Object(Closure))
#49 C:\xaamp_server\htdocs\install-master\install-master\vendor\laravel\framework\src\Illuminate\Routing\Pipeline.php(53): Illuminate\Pipeline\Pipeline->Illuminate\Pipeline\{closure}(Object(Illuminate\Http\Request))
#50 C:\xaamp_server\htdocs\install-master\install-master\vendor\laravel\framework\src\Illuminate\Pipeline\Pipeline.php(102): Illuminate\Routing\Pipeline->Illuminate\Routing\{closure}(Object(Illuminate\Http\Request))
#51 C:\xaamp_server\htdocs\install-master\install-master\vendor\laravel\framework\src\Illuminate\Routing\Router.php(660): Illuminate\Pipeline\Pipeline->then(Object(Closure))
#52 C:\xaamp_server\htdocs\install-master\install-master\vendor\laravel\framework\src\Illuminate\Routing\Router.php(635): Illuminate\Routing\Router->runRouteWithinStack(Object(Illuminate\Routing\Route), Object(Illuminate\Http\Request))
#53 C:\xaamp_server\htdocs\install-master\install-master\vendor\laravel\framework\src\Illuminate\Routing\Router.php(601): Illuminate\Routing\Router->runRoute(Object(Illuminate\Http\Request), Object(Illuminate\Routing\Route))
#54 C:\xaamp_server\htdocs\install-master\install-master\vendor\october\rain\src\Router\CoreRouter.php(20): Illuminate\Routing\Router->dispatchToRoute(Object(Illuminate\Http\Request))
#55 C:\xaamp_server\htdocs\install-master\install-master\vendor\laravel\framework\src\Illuminate\Foundation\Http\Kernel.php(176): October\Rain\Router\CoreRouter->dispatch(Object(Illuminate\Http\Request))
#56 C:\xaamp_server\htdocs\install-master\install-master\vendor\laravel\framework\src\Illuminate\Routing\Pipeline.php(30): Illuminate\Foundation\Http\Kernel->Illuminate\Foundation\Http\{closure}(Object(Illuminate\Http\Request))
#57 C:\xaamp_server\htdocs\install-master\install-master\vendor\laravel\framework\src\Illuminate\Foundation\Http\Middleware\CheckForMaintenanceMode.php(46): Illuminate\Routing\Pipeline->Illuminate\Routing\{closure}(Object(Illuminate\Http\Request))
#58 C:\xaamp_server\htdocs\install-master\install-master\vendor\october\rain\src\Foundation\Http\Middleware\CheckForMaintenanceMode.php(25): Illuminate\Foundation\Http\Middleware\CheckForMaintenanceMode->handle(Object(Illuminate\Http\Request), Object(Closure))
#59 C:\xaamp_server\htdocs\install-master\install-master\vendor\laravel\framework\src\Illuminate\Pipeline\Pipeline.php(149): October\Rain\Foundation\Http\Middleware\CheckForMaintenanceMode->handle(Object(Illuminate\Http\Request), Object(Closure))
#60 C:\xaamp_server\htdocs\install-master\install-master\vendor\laravel\framework\src\Illuminate\Routing\Pipeline.php(53): Illuminate\Pipeline\Pipeline->Illuminate\Pipeline\{closure}(Object(Illuminate\Http\Request))
#61 C:\xaamp_server\htdocs\install-master\install-master\vendor\laravel\framework\src\Illuminate\Pipeline\Pipeline.php(102): Illuminate\Routing\Pipeline->Illuminate\Routing\{closure}(Object(Illuminate\Http\Request))
#62 C:\xaamp_server\htdocs\install-master\install-master\vendor\laravel\framework\src\Illuminate\Foundation\Http\Kernel.php(151): Illuminate\Pipeline\Pipeline->then(Object(Closure))
#63 C:\xaamp_server\htdocs\install-master\install-master\vendor\laravel\framework\src\Illuminate\Foundation\Http\Kernel.php(116): Illuminate\Foundation\Http\Kernel->sendRequestThroughRouter(Object(Illuminate\Http\Request))
#64 C:\xaamp_server\htdocs\install-master\install-master\index.php(43): Illuminate\Foundation\Http\Kernel->handle(Object(Illuminate\Http\Request))
#65 {main}

Next Illuminate\Database\QueryException: SQLSTATE[42S22]: Column not found: 1054 Unknown column 'fasting_day_id' in 'field list' (SQL: update `elielbluejack_fasting_prayerpoints` set `fasting_day_id` = 1 where `id` = 1) in C:\xaamp_server\htdocs\install-master\install-master\vendor\laravel\framework\src\Illuminate\Database\Connection.php:664
Stack trace:
#0 C:\xaamp_server\htdocs\install-master\install-master\vendor\laravel\framework\src\Illuminate\Database\Connection.php(624): Illuminate\Database\Connection->runQueryCallback('update `elielbl...', Array, Object(Closure))
#1 C:\xaamp_server\htdocs\install-master\install-master\vendor\laravel\framework\src\Illuminate\Database\Connection.php(490): Illuminate\Database\Connection->run('update `elielbl...', Array, Object(Closure))
#2 C:\xaamp_server\htdocs\install-master\install-master\vendor\laravel\framework\src\Illuminate\Database\Connection.php(423): Illuminate\Database\Connection->affectingStatement('update `elielbl...', Array)
#3 C:\xaamp_server\htdocs\install-master\install-master\vendor\laravel\framework\src\Illuminate\Database\Query\Builder.php(2173): Illuminate\Database\Connection->update('update `elielbl...', Array)
#4 C:\xaamp_server\htdocs\install-master\install-master\vendor\october\rain\src\Database\QueryBuilder.php(251): Illuminate\Database\Query\Builder->update(Array)
#5 C:\xaamp_server\htdocs\install-master\install-master\vendor\laravel\framework\src\Illuminate\Database\Eloquent\Builder.php(780): October\Rain\Database\QueryBuilder->update(Array)
#6 C:\xaamp_server\htdocs\install-master\install-master\vendor\laravel\framework\src\Illuminate\Database\Eloquent\Model.php(628): Illuminate\Database\Eloquent\Builder->update(Array)
#7 C:\xaamp_server\htdocs\install-master\install-master\vendor\laravel\framework\src\Illuminate\Database\Eloquent\Model.php(543): Illuminate\Database\Eloquent\Model->performUpdate(Object(October\Rain\Database\Builder))
#8 C:\xaamp_server\htdocs\install-master\install-master\vendor\october\rain\src\Database\Model.php(761): Illuminate\Database\Eloquent\Model->save(Array)
#9 C:\xaamp_server\htdocs\install-master\install-master\vendor\october\rain\src\Database\Model.php(794): October\Rain\Database\Model->saveInternal(Array)
#10 C:\xaamp_server\htdocs\install-master\install-master\modules\backend\behaviors\FormController.php(320): October\Rain\Database\Model->save(NULL, 'YCvG6xoFW2ip4wl...')
#11 C:\xaamp_server\htdocs\install-master\install-master\vendor\laravel\framework\src\Illuminate\Database\Concerns\ManagesTransactions.php(29): Backend\Behaviors\FormController->Backend\Behaviors\{closure}(Object(October\Rain\Database\Connections\MySqlConnection))
#12 C:\xaamp_server\htdocs\install-master\install-master\vendor\laravel\framework\src\Illuminate\Database\DatabaseManager.php(327): Illuminate\Database\Connection->transaction(Object(Closure))
#13 C:\xaamp_server\htdocs\install-master\install-master\vendor\laravel\framework\src\Illuminate\Support\Facades\Facade.php(221): Illuminate\Database\DatabaseManager->__call('transaction', Array)
#14 C:\xaamp_server\htdocs\install-master\install-master\modules\backend\behaviors\FormController.php(322): Illuminate\Support\Facades\Facade::__callStatic('transaction', Array)
#15 [internal function]: Backend\Behaviors\FormController->update_onSave('1')
#16 C:\xaamp_server\htdocs\install-master\install-master\vendor\october\rain\src\Extension\ExtendableTrait.php(414): call_user_func_array(Array, Array)
#17 C:\xaamp_server\htdocs\install-master\install-master\modules\backend\classes\Controller.php(184): Backend\Classes\Controller->extendableCall('update_onSave', Array)
#18 [internal function]: Backend\Classes\Controller->__call('update_onSave', Array)
#19 C:\xaamp_server\htdocs\install-master\install-master\modules\backend\classes\Controller.php(620): call_user_func_array(Array, Array)
#20 C:\xaamp_server\htdocs\install-master\install-master\modules\backend\classes\Controller.php(478): Backend\Classes\Controller->runAjaxHandler('onSave')
#21 C:\xaamp_server\htdocs\install-master\install-master\modules\backend\classes\Controller.php(277): Backend\Classes\Controller->execAjaxHandlers()
#22 C:\xaamp_server\htdocs\install-master\install-master\modules\backend\classes\BackendController.php(165): Backend\Classes\Controller->run('update', Array)
#23 [internal function]: Backend\Classes\BackendController->run('elielbluejack/f...')
#24 C:\xaamp_server\htdocs\install-master\install-master\vendor\laravel\framework\src\Illuminate\Routing\Controller.php(54): call_user_func_array(Array, Array)
#25 C:\xaamp_server\htdocs\install-master\install-master\vendor\laravel\framework\src\Illuminate\Routing\ControllerDispatcher.php(45): Illuminate\Routing\Controller->callAction('run', Array)
#26 C:\xaamp_server\htdocs\install-master\install-master\vendor\laravel\framework\src\Illuminate\Routing\Route.php(212): Illuminate\Routing\ControllerDispatcher->dispatch(Object(Illuminate\Routing\Route), Object(Backend\Classes\BackendController), 'run')
#27 C:\xaamp_server\htdocs\install-master\install-master\vendor\laravel\framework\src\Illuminate\Routing\Route.php(169): Illuminate\Routing\Route->runController()
#28 C:\xaamp_server\htdocs\install-master\install-master\vendor\laravel\framework\src\Illuminate\Routing\Router.php(658): Illuminate\Routing\Route->run()
#29 C:\xaamp_server\htdocs\install-master\install-master\vendor\laravel\framework\src\Illuminate\Routing\Pipeline.php(30): Illuminate\Routing\Router->Illuminate\Routing\{closure}(Object(Illuminate\Http\Request))
#30 C:\xaamp_server\htdocs\install-master\install-master\modules\backend\classes\BackendController.php(68): Illuminate\Routing\Pipeline->Illuminate\Routing\{closure}(Object(Illuminate\Http\Request))
#31 C:\xaamp_server\htdocs\install-master\install-master\vendor\laravel\framework\src\Illuminate\Pipeline\Pipeline.php(131): Backend\Classes\BackendController->Backend\Classes\{closure}(Object(Illuminate\Http\Request), Object(Closure))
#32 C:\xaamp_server\htdocs\install-master\install-master\vendor\laravel\framework\src\Illuminate\Routing\Pipeline.php(53): Illuminate\Pipeline\Pipeline->Illuminate\Pipeline\{closure}(Object(Illuminate\Http\Request))
#33 C:\xaamp_server\htdocs\install-master\install-master\vendor\laravel\framework\src\Illuminate\Routing\Middleware\SubstituteBindings.php(41): Illuminate\Routing\Pipeline->Illuminate\Routing\{closure}(Object(Illuminate\Http\Request))
#34 C:\xaamp_server\htdocs\install-master\install-master\vendor\laravel\framework\src\Illuminate\Pipeline\Pipeline.php(149): Illuminate\Routing\Middleware\SubstituteBindings->handle(Object(Illuminate\Http\Request), Object(Closure))
#35 C:\xaamp_server\htdocs\install-master\install-master\vendor\laravel\framework\src\Illuminate\Routing\Pipeline.php(53): Illuminate\Pipeline\Pipeline->Illuminate\Pipeline\{closure}(Object(Illuminate\Http\Request))
#36 C:\xaamp_server\htdocs\install-master\install-master\vendor\laravel\framework\src\Illuminate\View\Middleware\ShareErrorsFromSession.php(49): Illuminate\Routing\Pipeline->Illuminate\Routing\{closure}(Object(Illuminate\Http\Request))
#37 C:\xaamp_server\htdocs\install-master\install-master\vendor\laravel\framework\src\Illuminate\Pipeline\Pipeline.php(149): Illuminate\View\Middleware\ShareErrorsFromSession->handle(Object(Illuminate\Http\Request), Object(Closure))
#38 C:\xaamp_server\htdocs\install-master\install-master\vendor\laravel\framework\src\Illuminate\Routing\Pipeline.php(53): Illuminate\Pipeline\Pipeline->Illuminate\Pipeline\{closure}(Object(Illuminate\Http\Request))
#39 C:\xaamp_server\htdocs\install-master\install-master\vendor\laravel\framework\src\Illuminate\Session\Middleware\StartSession.php(63): Illuminate\Routing\Pipeline->Illuminate\Routing\{closure}(Object(Illuminate\Http\Request))
#40 C:\xaamp_server\htdocs\install-master\install-master\vendor\laravel\framework\src\Illuminate\Pipeline\Pipeline.php(149): Illuminate\Session\Middleware\StartSession->handle(Object(Illuminate\Http\Request), Object(Closure))
#41 C:\xaamp_server\htdocs\install-master\install-master\vendor\laravel\framework\src\Illuminate\Routing\Pipeline.php(53): Illuminate\Pipeline\Pipeline->Illuminate\Pipeline\{closure}(Object(Illuminate\Http\Request))
#42 C:\xaamp_server\htdocs\install-master\install-master\vendor\laravel\framework\src\Illuminate\Cookie\Middleware\AddQueuedCookiesToResponse.php(37): Illuminate\Routing\Pipeline->Illuminate\Routing\{closure}(Object(Illuminate\Http\Request))
#43 C:\xaamp_server\htdocs\install-master\install-master\vendor\laravel\framework\src\Illuminate\Pipeline\Pipeline.php(149): Illuminate\Cookie\Middleware\AddQueuedCookiesToResponse->handle(Object(Illuminate\Http\Request), Object(Closure))
#44 C:\xaamp_server\htdocs\install-master\install-master\vendor\laravel\framework\src\Illuminate\Routing\Pipeline.php(53): Illuminate\Pipeline\Pipeline->Illuminate\Pipeline\{closure}(Object(Illuminate\Http\Request))
#45 C:\xaamp_server\htdocs\install-master\install-master\vendor\laravel\framework\src\Illuminate\Cookie\Middleware\EncryptCookies.php(68): Illuminate\Routing\Pipeline->Illuminate\Routing\{closure}(Object(Illuminate\Http\Request))
#46 C:\xaamp_server\htdocs\install-master\install-master\vendor\laravel\framework\src\Illuminate\Pipeline\Pipeline.php(149): Illuminate\Cookie\Middleware\EncryptCookies->handle(Object(Illuminate\Http\Request), Object(Closure))
#47 C:\xaamp_server\htdocs\install-master\install-master\vendor\laravel\framework\src\Illuminate\Routing\Pipeline.php(53): Illuminate\Pipeline\Pipeline->Illuminate\Pipeline\{closure}(Object(Illuminate\Http\Request))
#48 C:\xaamp_server\htdocs\install-master\install-master\vendor\laravel\framework\src\Illuminate\Pipeline\Pipeline.php(102): Illuminate\Routing\Pipeline->Illuminate\Routing\{closure}(Object(Illuminate\Http\Request))
#49 C:\xaamp_server\htdocs\install-master\install-master\vendor\laravel\framework\src\Illuminate\Routing\Router.php(660): Illuminate\Pipeline\Pipeline->then(Object(Closure))
#50 C:\xaamp_server\htdocs\install-master\install-master\vendor\laravel\framework\src\Illuminate\Routing\Router.php(635): Illuminate\Routing\Router->runRouteWithinStack(Object(Illuminate\Routing\Route), Object(Illuminate\Http\Request))
#51 C:\xaamp_server\htdocs\install-master\install-master\vendor\laravel\framework\src\Illuminate\Routing\Router.php(601): Illuminate\Routing\Router->runRoute(Object(Illuminate\Http\Request), Object(Illuminate\Routing\Route))
#52 C:\xaamp_server\htdocs\install-master\install-master\vendor\october\rain\src\Router\CoreRouter.php(20): Illuminate\Routing\Router->dispatchToRoute(Object(Illuminate\Http\Request))
#53 C:\xaamp_server\htdocs\install-master\install-master\vendor\laravel\framework\src\Illuminate\Foundation\Http\Kernel.php(176): October\Rain\Router\CoreRouter->dispatch(Object(Illuminate\Http\Request))
#54 C:\xaamp_server\htdocs\install-master\install-master\vendor\laravel\framework\src\Illuminate\Routing\Pipeline.php(30): Illuminate\Foundation\Http\Kernel->Illuminate\Foundation\Http\{closure}(Object(Illuminate\Http\Request))
#55 C:\xaamp_server\htdocs\install-master\install-master\vendor\laravel\framework\src\Illuminate\Foundation\Http\Middleware\CheckForMaintenanceMode.php(46): Illuminate\Routing\Pipeline->Illuminate\Routing\{closure}(Object(Illuminate\Http\Request))
#56 C:\xaamp_server\htdocs\install-master\install-master\vendor\october\rain\src\Foundation\Http\Middleware\CheckForMaintenanceMode.php(25): Illuminate\Foundation\Http\Middleware\CheckForMaintenanceMode->handle(Object(Illuminate\Http\Request), Object(Closure))
#57 C:\xaamp_server\htdocs\install-master\install-master\vendor\laravel\framework\src\Illuminate\Pipeline\Pipeline.php(149): October\Rain\Foundation\Http\Middleware\CheckForMaintenanceMode->handle(Object(Illuminate\Http\Request), Object(Closure))
#58 C:\xaamp_server\htdocs\install-master\install-master\vendor\laravel\framework\src\Illuminate\Routing\Pipeline.php(53): Illuminate\Pipeline\Pipeline->Illuminate\Pipeline\{closure}(Object(Illuminate\Http\Request))
#59 C:\xaamp_server\htdocs\install-master\install-master\vendor\laravel\framework\src\Illuminate\Pipeline\Pipeline.php(102): Illuminate\Routing\Pipeline->Illuminate\Routing\{closure}(Object(Illuminate\Http\Request))
#60 C:\xaamp_server\htdocs\install-master\install-master\vendor\laravel\framework\src\Illuminate\Foundation\Http\Kernel.php(151): Illuminate\Pipeline\Pipeline->then(Object(Closure))
#61 C:\xaamp_server\htdocs\install-master\install-master\vendor\laravel\framework\src\Illuminate\Foundation\Http\Kernel.php(116): Illuminate\Foundation\Http\Kernel->sendRequestThroughRouter(Object(Illuminate\Http\Request))
#62 C:\xaamp_server\htdocs\install-master\install-master\index.php(43): Illuminate\Foundation\Http\Kernel->handle(Object(Illuminate\Http\Request))
#63 {main}  
[2020-11-18 11:42:16] dev.ERROR: Symfony\Component\Debug\Exception\FatalErrorException: Maximum execution time of 120 seconds exceeded in C:\xaamp_server\htdocs\install-master\install-master\modules\system\classes\CombineAssets.php:46
Stack trace:
#0 {main}  
[2020-11-18 11:50:41] dev.ERROR: PDOException: SQLSTATE[42S22]: Column not found: 1054 Unknown column 'elielbluejack_fasting_prayerpoints.fasting_days_id' in 'where clause' in C:\xaamp_server\htdocs\install-master\install-master\vendor\doctrine\dbal\lib\Doctrine\DBAL\Driver\PDOConnection.php:77
Stack trace:
#0 C:\xaamp_server\htdocs\install-master\install-master\vendor\doctrine\dbal\lib\Doctrine\DBAL\Driver\PDOConnection.php(77): PDO->prepare('select * from `...', Array)
#1 C:\xaamp_server\htdocs\install-master\install-master\vendor\laravel\framework\src\Illuminate\Database\Connection.php(326): Doctrine\DBAL\Driver\PDOConnection->prepare('select * from `...')
#2 C:\xaamp_server\htdocs\install-master\install-master\vendor\laravel\framework\src\Illuminate\Database\Connection.php(657): Illuminate\Database\Connection->Illuminate\Database\{closure}('select * from `...', Array)
#3 C:\xaamp_server\htdocs\install-master\install-master\vendor\laravel\framework\src\Illuminate\Database\Connection.php(624): Illuminate\Database\Connection->runQueryCallback('select * from `...', Array, Object(Closure))
#4 C:\xaamp_server\htdocs\install-master\install-master\vendor\laravel\framework\src\Illuminate\Database\Connection.php(333): Illuminate\Database\Connection->run('select * from `...', Array, Object(Closure))
#5 C:\xaamp_server\htdocs\install-master\install-master\vendor\laravel\framework\src\Illuminate\Database\Query\Builder.php(1719): Illuminate\Database\Connection->select('select * from `...', Array, true)
#6 C:\xaamp_server\htdocs\install-master\install-master\vendor\laravel\framework\src\Illuminate\Database\Query\Builder.php(1704): Illuminate\Database\Query\Builder->runSelect()
#7 C:\xaamp_server\htdocs\install-master\install-master\vendor\october\rain\src\Database\QueryBuilder.php(122): Illuminate\Database\Query\Builder->get(Array)
#8 C:\xaamp_server\htdocs\install-master\install-master\vendor\october\rain\src\Database\QueryBuilder.php(92): October\Rain\Database\QueryBuilder->getDuplicateCached(Array)
#9 C:\xaamp_server\htdocs\install-master\install-master\vendor\laravel\framework\src\Illuminate\Database\Eloquent\Builder.php(481): October\Rain\Database\QueryBuilder->get(Array)
#10 C:\xaamp_server\htdocs\install-master\install-master\vendor\laravel\framework\src\Illuminate\Database\Eloquent\Builder.php(465): Illuminate\Database\Eloquent\Builder->getModels(Array)
#11 C:\xaamp_server\htdocs\install-master\install-master\vendor\laravel\framework\src\Illuminate\Database\Eloquent\Relations\Relation.php(154): Illuminate\Database\Eloquent\Builder->get(Array)
#12 C:\xaamp_server\htdocs\install-master\install-master\vendor\laravel\framework\src\Illuminate\Database\Eloquent\Relations\Relation.php(143): Illuminate\Database\Eloquent\Relations\Relation->get()
#13 C:\xaamp_server\htdocs\install-master\install-master\vendor\laravel\framework\src\Illuminate\Database\Eloquent\Builder.php(529): Illuminate\Database\Eloquent\Relations\Relation->getEager()
#14 C:\xaamp_server\htdocs\install-master\install-master\vendor\laravel\framework\src\Illuminate\Database\Eloquent\Builder.php(498): Illuminate\Database\Eloquent\Builder->eagerLoadRelation(Array, 'prayer_points', Object(Closure))
#15 C:\xaamp_server\htdocs\install-master\install-master\vendor\laravel\framework\src\Illuminate\Database\Eloquent\Builder.php(466): Illuminate\Database\Eloquent\Builder->eagerLoadRelations(Array)
#16 C:\xaamp_server\htdocs\install-master\install-master\plugins\elielbluejack\fasting\routes.php(6): Illuminate\Database\Eloquent\Builder->get()
#17 C:\xaamp_server\htdocs\install-master\install-master\vendor\laravel\framework\src\Illuminate\Routing\Route.php(198): System\Classes\PluginManager->{closure}()
#18 C:\xaamp_server\htdocs\install-master\install-master\vendor\laravel\framework\src\Illuminate\Routing\Route.php(172): Illuminate\Routing\Route->runCallable()
#19 C:\xaamp_server\htdocs\install-master\install-master\vendor\laravel\framework\src\Illuminate\Routing\Router.php(658): Illuminate\Routing\Route->run()
#20 C:\xaamp_server\htdocs\install-master\install-master\vendor\laravel\framework\src\Illuminate\Routing\Pipeline.php(30): Illuminate\Routing\Router->Illuminate\Routing\{closure}(Object(Illuminate\Http\Request))
#21 C:\xaamp_server\htdocs\install-master\install-master\vendor\laravel\framework\src\Illuminate\Pipeline\Pipeline.php(102): Illuminate\Routing\Pipeline->Illuminate\Routing\{closure}(Object(Illuminate\Http\Request))
#22 C:\xaamp_server\htdocs\install-master\install-master\vendor\laravel\framework\src\Illuminate\Routing\Router.php(660): Illuminate\Pipeline\Pipeline->then(Object(Closure))
#23 C:\xaamp_server\htdocs\install-master\install-master\vendor\laravel\framework\src\Illuminate\Routing\Router.php(635): Illuminate\Routing\Router->runRouteWithinStack(Object(Illuminate\Routing\Route), Object(Illuminate\Http\Request))
#24 C:\xaamp_server\htdocs\install-master\install-master\vendor\laravel\framework\src\Illuminate\Routing\Router.php(601): Illuminate\Routing\Router->runRoute(Object(Illuminate\Http\Request), Object(Illuminate\Routing\Route))
#25 C:\xaamp_server\htdocs\install-master\install-master\vendor\october\rain\src\Router\CoreRouter.php(20): Illuminate\Routing\Router->dispatchToRoute(Object(Illuminate\Http\Request))
#26 C:\xaamp_server\htdocs\install-master\install-master\vendor\laravel\framework\src\Illuminate\Foundation\Http\Kernel.php(176): October\Rain\Router\CoreRouter->dispatch(Object(Illuminate\Http\Request))
#27 C:\xaamp_server\htdocs\install-master\install-master\vendor\laravel\framework\src\Illuminate\Routing\Pipeline.php(30): Illuminate\Foundation\Http\Kernel->Illuminate\Foundation\Http\{closure}(Object(Illuminate\Http\Request))
#28 C:\xaamp_server\htdocs\install-master\install-master\vendor\laravel\framework\src\Illuminate\Foundation\Http\Middleware\CheckForMaintenanceMode.php(46): Illuminate\Routing\Pipeline->Illuminate\Routing\{closure}(Object(Illuminate\Http\Request))
#29 C:\xaamp_server\htdocs\install-master\install-master\vendor\october\rain\src\Foundation\Http\Middleware\CheckForMaintenanceMode.php(25): Illuminate\Foundation\Http\Middleware\CheckForMaintenanceMode->handle(Object(Illuminate\Http\Request), Object(Closure))
#30 C:\xaamp_server\htdocs\install-master\install-master\vendor\laravel\framework\src\Illuminate\Pipeline\Pipeline.php(149): October\Rain\Foundation\Http\Middleware\CheckForMaintenanceMode->handle(Object(Illuminate\Http\Request), Object(Closure))
#31 C:\xaamp_server\htdocs\install-master\install-master\vendor\laravel\framework\src\Illuminate\Routing\Pipeline.php(53): Illuminate\Pipeline\Pipeline->Illuminate\Pipeline\{closure}(Object(Illuminate\Http\Request))
#32 C:\xaamp_server\htdocs\install-master\install-master\vendor\laravel\framework\src\Illuminate\Pipeline\Pipeline.php(102): Illuminate\Routing\Pipeline->Illuminate\Routing\{closure}(Object(Illuminate\Http\Request))
#33 C:\xaamp_server\htdocs\install-master\install-master\vendor\laravel\framework\src\Illuminate\Foundation\Http\Kernel.php(151): Illuminate\Pipeline\Pipeline->then(Object(Closure))
#34 C:\xaamp_server\htdocs\install-master\install-master\vendor\laravel\framework\src\Illuminate\Foundation\Http\Kernel.php(116): Illuminate\Foundation\Http\Kernel->sendRequestThroughRouter(Object(Illuminate\Http\Request))
#35 C:\xaamp_server\htdocs\install-master\install-master\index.php(43): Illuminate\Foundation\Http\Kernel->handle(Object(Illuminate\Http\Request))
#36 {main}

Next Doctrine\DBAL\Driver\PDOException: SQLSTATE[42S22]: Column not found: 1054 Unknown column 'elielbluejack_fasting_prayerpoints.fasting_days_id' in 'where clause' in C:\xaamp_server\htdocs\install-master\install-master\vendor\doctrine\dbal\lib\Doctrine\DBAL\Driver\PDOConnection.php:79
Stack trace:
#0 C:\xaamp_server\htdocs\install-master\install-master\vendor\laravel\framework\src\Illuminate\Database\Connection.php(326): Doctrine\DBAL\Driver\PDOConnection->prepare('select * from `...')
#1 C:\xaamp_server\htdocs\install-master\install-master\vendor\laravel\framework\src\Illuminate\Database\Connection.php(657): Illuminate\Database\Connection->Illuminate\Database\{closure}('select * from `...', Array)
#2 C:\xaamp_server\htdocs\install-master\install-master\vendor\laravel\framework\src\Illuminate\Database\Connection.php(624): Illuminate\Database\Connection->runQueryCallback('select * from `...', Array, Object(Closure))
#3 C:\xaamp_server\htdocs\install-master\install-master\vendor\laravel\framework\src\Illuminate\Database\Connection.php(333): Illuminate\Database\Connection->run('select * from `...', Array, Object(Closure))
#4 C:\xaamp_server\htdocs\install-master\install-master\vendor\laravel\framework\src\Illuminate\Database\Query\Builder.php(1719): Illuminate\Database\Connection->select('select * from `...', Array, true)
#5 C:\xaamp_server\htdocs\install-master\install-master\vendor\laravel\framework\src\Illuminate\Database\Query\Builder.php(1704): Illuminate\Database\Query\Builder->runSelect()
#6 C:\xaamp_server\htdocs\install-master\install-master\vendor\october\rain\src\Database\QueryBuilder.php(122): Illuminate\Database\Query\Builder->get(Array)
#7 C:\xaamp_server\htdocs\install-master\install-master\vendor\october\rain\src\Database\QueryBuilder.php(92): October\Rain\Database\QueryBuilder->getDuplicateCached(Array)
#8 C:\xaamp_server\htdocs\install-master\install-master\vendor\laravel\framework\src\Illuminate\Database\Eloquent\Builder.php(481): October\Rain\Database\QueryBuilder->get(Array)
#9 C:\xaamp_server\htdocs\install-master\install-master\vendor\laravel\framework\src\Illuminate\Database\Eloquent\Builder.php(465): Illuminate\Database\Eloquent\Builder->getModels(Array)
#10 C:\xaamp_server\htdocs\install-master\install-master\vendor\laravel\framework\src\Illuminate\Database\Eloquent\Relations\Relation.php(154): Illuminate\Database\Eloquent\Builder->get(Array)
#11 C:\xaamp_server\htdocs\install-master\install-master\vendor\laravel\framework\src\Illuminate\Database\Eloquent\Relations\Relation.php(143): Illuminate\Database\Eloquent\Relations\Relation->get()
#12 C:\xaamp_server\htdocs\install-master\install-master\vendor\laravel\framework\src\Illuminate\Database\Eloquent\Builder.php(529): Illuminate\Database\Eloquent\Relations\Relation->getEager()
#13 C:\xaamp_server\htdocs\install-master\install-master\vendor\laravel\framework\src\Illuminate\Database\Eloquent\Builder.php(498): Illuminate\Database\Eloquent\Builder->eagerLoadRelation(Array, 'prayer_points', Object(Closure))
#14 C:\xaamp_server\htdocs\install-master\install-master\vendor\laravel\framework\src\Illuminate\Database\Eloquent\Builder.php(466): Illuminate\Database\Eloquent\Builder->eagerLoadRelations(Array)
#15 C:\xaamp_server\htdocs\install-master\install-master\plugins\elielbluejack\fasting\routes.php(6): Illuminate\Database\Eloquent\Builder->get()
#16 C:\xaamp_server\htdocs\install-master\install-master\vendor\laravel\framework\src\Illuminate\Routing\Route.php(198): System\Classes\PluginManager->{closure}()
#17 C:\xaamp_server\htdocs\install-master\install-master\vendor\laravel\framework\src\Illuminate\Routing\Route.php(172): Illuminate\Routing\Route->runCallable()
#18 C:\xaamp_server\htdocs\install-master\install-master\vendor\laravel\framework\src\Illuminate\Routing\Router.php(658): Illuminate\Routing\Route->run()
#19 C:\xaamp_server\htdocs\install-master\install-master\vendor\laravel\framework\src\Illuminate\Routing\Pipeline.php(30): Illuminate\Routing\Router->Illuminate\Routing\{closure}(Object(Illuminate\Http\Request))
#20 C:\xaamp_server\htdocs\install-master\install-master\vendor\laravel\framework\src\Illuminate\Pipeline\Pipeline.php(102): Illuminate\Routing\Pipeline->Illuminate\Routing\{closure}(Object(Illuminate\Http\Request))
#21 C:\xaamp_server\htdocs\install-master\install-master\vendor\laravel\framework\src\Illuminate\Routing\Router.php(660): Illuminate\Pipeline\Pipeline->then(Object(Closure))
#22 C:\xaamp_server\htdocs\install-master\install-master\vendor\laravel\framework\src\Illuminate\Routing\Router.php(635): Illuminate\Routing\Router->runRouteWithinStack(Object(Illuminate\Routing\Route), Object(Illuminate\Http\Request))
#23 C:\xaamp_server\htdocs\install-master\install-master\vendor\laravel\framework\src\Illuminate\Routing\Router.php(601): Illuminate\Routing\Router->runRoute(Object(Illuminate\Http\Request), Object(Illuminate\Routing\Route))
#24 C:\xaamp_server\htdocs\install-master\install-master\vendor\october\rain\src\Router\CoreRouter.php(20): Illuminate\Routing\Router->dispatchToRoute(Object(Illuminate\Http\Request))
#25 C:\xaamp_server\htdocs\install-master\install-master\vendor\laravel\framework\src\Illuminate\Foundation\Http\Kernel.php(176): October\Rain\Router\CoreRouter->dispatch(Object(Illuminate\Http\Request))
#26 C:\xaamp_server\htdocs\install-master\install-master\vendor\laravel\framework\src\Illuminate\Routing\Pipeline.php(30): Illuminate\Foundation\Http\Kernel->Illuminate\Foundation\Http\{closure}(Object(Illuminate\Http\Request))
#27 C:\xaamp_server\htdocs\install-master\install-master\vendor\laravel\framework\src\Illuminate\Foundation\Http\Middleware\CheckForMaintenanceMode.php(46): Illuminate\Routing\Pipeline->Illuminate\Routing\{closure}(Object(Illuminate\Http\Request))
#28 C:\xaamp_server\htdocs\install-master\install-master\vendor\october\rain\src\Foundation\Http\Middleware\CheckForMaintenanceMode.php(25): Illuminate\Foundation\Http\Middleware\CheckForMaintenanceMode->handle(Object(Illuminate\Http\Request), Object(Closure))
#29 C:\xaamp_server\htdocs\install-master\install-master\vendor\laravel\framework\src\Illuminate\Pipeline\Pipeline.php(149): October\Rain\Foundation\Http\Middleware\CheckForMaintenanceMode->handle(Object(Illuminate\Http\Request), Object(Closure))
#30 C:\xaamp_server\htdocs\install-master\install-master\vendor\laravel\framework\src\Illuminate\Routing\Pipeline.php(53): Illuminate\Pipeline\Pipeline->Illuminate\Pipeline\{closure}(Object(Illuminate\Http\Request))
#31 C:\xaamp_server\htdocs\install-master\install-master\vendor\laravel\framework\src\Illuminate\Pipeline\Pipeline.php(102): Illuminate\Routing\Pipeline->Illuminate\Routing\{closure}(Object(Illuminate\Http\Request))
#32 C:\xaamp_server\htdocs\install-master\install-master\vendor\laravel\framework\src\Illuminate\Foundation\Http\Kernel.php(151): Illuminate\Pipeline\Pipeline->then(Object(Closure))
#33 C:\xaamp_server\htdocs\install-master\install-master\vendor\laravel\framework\src\Illuminate\Foundation\Http\Kernel.php(116): Illuminate\Foundation\Http\Kernel->sendRequestThroughRouter(Object(Illuminate\Http\Request))
#34 C:\xaamp_server\htdocs\install-master\install-master\index.php(43): Illuminate\Foundation\Http\Kernel->handle(Object(Illuminate\Http\Request))
#35 {main}

Next Illuminate\Database\QueryException: SQLSTATE[42S22]: Column not found: 1054 Unknown column 'elielbluejack_fasting_prayerpoints.fasting_days_id' in 'where clause' (SQL: select * from `elielbluejack_fasting_prayerpoints` where `elielbluejack_fasting_prayerpoints`.`fasting_days_id` in (1)) in C:\xaamp_server\htdocs\install-master\install-master\vendor\laravel\framework\src\Illuminate\Database\Connection.php:664
Stack trace:
#0 C:\xaamp_server\htdocs\install-master\install-master\vendor\laravel\framework\src\Illuminate\Database\Connection.php(624): Illuminate\Database\Connection->runQueryCallback('select * from `...', Array, Object(Closure))
#1 C:\xaamp_server\htdocs\install-master\install-master\vendor\laravel\framework\src\Illuminate\Database\Connection.php(333): Illuminate\Database\Connection->run('select * from `...', Array, Object(Closure))
#2 C:\xaamp_server\htdocs\install-master\install-master\vendor\laravel\framework\src\Illuminate\Database\Query\Builder.php(1719): Illuminate\Database\Connection->select('select * from `...', Array, true)
#3 C:\xaamp_server\htdocs\install-master\install-master\vendor\laravel\framework\src\Illuminate\Database\Query\Builder.php(1704): Illuminate\Database\Query\Builder->runSelect()
#4 C:\xaamp_server\htdocs\install-master\install-master\vendor\october\rain\src\Database\QueryBuilder.php(122): Illuminate\Database\Query\Builder->get(Array)
#5 C:\xaamp_server\htdocs\install-master\install-master\vendor\october\rain\src\Database\QueryBuilder.php(92): October\Rain\Database\QueryBuilder->getDuplicateCached(Array)
#6 C:\xaamp_server\htdocs\install-master\install-master\vendor\laravel\framework\src\Illuminate\Database\Eloquent\Builder.php(481): October\Rain\Database\QueryBuilder->get(Array)
#7 C:\xaamp_server\htdocs\install-master\install-master\vendor\laravel\framework\src\Illuminate\Database\Eloquent\Builder.php(465): Illuminate\Database\Eloquent\Builder->getModels(Array)
#8 C:\xaamp_server\htdocs\install-master\install-master\vendor\laravel\framework\src\Illuminate\Database\Eloquent\Relations\Relation.php(154): Illuminate\Database\Eloquent\Builder->get(Array)
#9 C:\xaamp_server\htdocs\install-master\install-master\vendor\laravel\framework\src\Illuminate\Database\Eloquent\Relations\Relation.php(143): Illuminate\Database\Eloquent\Relations\Relation->get()
#10 C:\xaamp_server\htdocs\install-master\install-master\vendor\laravel\framework\src\Illuminate\Database\Eloquent\Builder.php(529): Illuminate\Database\Eloquent\Relations\Relation->getEager()
#11 C:\xaamp_server\htdocs\install-master\install-master\vendor\laravel\framework\src\Illuminate\Database\Eloquent\Builder.php(498): Illuminate\Database\Eloquent\Builder->eagerLoadRelation(Array, 'prayer_points', Object(Closure))
#12 C:\xaamp_server\htdocs\install-master\install-master\vendor\laravel\framework\src\Illuminate\Database\Eloquent\Builder.php(466): Illuminate\Database\Eloquent\Builder->eagerLoadRelations(Array)
#13 C:\xaamp_server\htdocs\install-master\install-master\plugins\elielbluejack\fasting\routes.php(6): Illuminate\Database\Eloquent\Builder->get()
#14 C:\xaamp_server\htdocs\install-master\install-master\vendor\laravel\framework\src\Illuminate\Routing\Route.php(198): System\Classes\PluginManager->{closure}()
#15 C:\xaamp_server\htdocs\install-master\install-master\vendor\laravel\framework\src\Illuminate\Routing\Route.php(172): Illuminate\Routing\Route->runCallable()
#16 C:\xaamp_server\htdocs\install-master\install-master\vendor\laravel\framework\src\Illuminate\Routing\Router.php(658): Illuminate\Routing\Route->run()
#17 C:\xaamp_server\htdocs\install-master\install-master\vendor\laravel\framework\src\Illuminate\Routing\Pipeline.php(30): Illuminate\Routing\Router->Illuminate\Routing\{closure}(Object(Illuminate\Http\Request))
#18 C:\xaamp_server\htdocs\install-master\install-master\vendor\laravel\framework\src\Illuminate\Pipeline\Pipeline.php(102): Illuminate\Routing\Pipeline->Illuminate\Routing\{closure}(Object(Illuminate\Http\Request))
#19 C:\xaamp_server\htdocs\install-master\install-master\vendor\laravel\framework\src\Illuminate\Routing\Router.php(660): Illuminate\Pipeline\Pipeline->then(Object(Closure))
#20 C:\xaamp_server\htdocs\install-master\install-master\vendor\laravel\framework\src\Illuminate\Routing\Router.php(635): Illuminate\Routing\Router->runRouteWithinStack(Object(Illuminate\Routing\Route), Object(Illuminate\Http\Request))
#21 C:\xaamp_server\htdocs\install-master\install-master\vendor\laravel\framework\src\Illuminate\Routing\Router.php(601): Illuminate\Routing\Router->runRoute(Object(Illuminate\Http\Request), Object(Illuminate\Routing\Route))
#22 C:\xaamp_server\htdocs\install-master\install-master\vendor\october\rain\src\Router\CoreRouter.php(20): Illuminate\Routing\Router->dispatchToRoute(Object(Illuminate\Http\Request))
#23 C:\xaamp_server\htdocs\install-master\install-master\vendor\laravel\framework\src\Illuminate\Foundation\Http\Kernel.php(176): October\Rain\Router\CoreRouter->dispatch(Object(Illuminate\Http\Request))
#24 C:\xaamp_server\htdocs\install-master\install-master\vendor\laravel\framework\src\Illuminate\Routing\Pipeline.php(30): Illuminate\Foundation\Http\Kernel->Illuminate\Foundation\Http\{closure}(Object(Illuminate\Http\Request))
#25 C:\xaamp_server\htdocs\install-master\install-master\vendor\laravel\framework\src\Illuminate\Foundation\Http\Middleware\CheckForMaintenanceMode.php(46): Illuminate\Routing\Pipeline->Illuminate\Routing\{closure}(Object(Illuminate\Http\Request))
#26 C:\xaamp_server\htdocs\install-master\install-master\vendor\october\rain\src\Foundation\Http\Middleware\CheckForMaintenanceMode.php(25): Illuminate\Foundation\Http\Middleware\CheckForMaintenanceMode->handle(Object(Illuminate\Http\Request), Object(Closure))
#27 C:\xaamp_server\htdocs\install-master\install-master\vendor\laravel\framework\src\Illuminate\Pipeline\Pipeline.php(149): October\Rain\Foundation\Http\Middleware\CheckForMaintenanceMode->handle(Object(Illuminate\Http\Request), Object(Closure))
#28 C:\xaamp_server\htdocs\install-master\install-master\vendor\laravel\framework\src\Illuminate\Routing\Pipeline.php(53): Illuminate\Pipeline\Pipeline->Illuminate\Pipeline\{closure}(Object(Illuminate\Http\Request))
#29 C:\xaamp_server\htdocs\install-master\install-master\vendor\laravel\framework\src\Illuminate\Pipeline\Pipeline.php(102): Illuminate\Routing\Pipeline->Illuminate\Routing\{closure}(Object(Illuminate\Http\Request))
#30 C:\xaamp_server\htdocs\install-master\install-master\vendor\laravel\framework\src\Illuminate\Foundation\Http\Kernel.php(151): Illuminate\Pipeline\Pipeline->then(Object(Closure))
#31 C:\xaamp_server\htdocs\install-master\install-master\vendor\laravel\framework\src\Illuminate\Foundation\Http\Kernel.php(116): Illuminate\Foundation\Http\Kernel->sendRequestThroughRouter(Object(Illuminate\Http\Request))
#32 C:\xaamp_server\htdocs\install-master\install-master\index.php(43): Illuminate\Foundation\Http\Kernel->handle(Object(Illuminate\Http\Request))
#33 {main}  
[2020-11-18 12:03:18] dev.ERROR: PDOException: SQLSTATE[42S22]: Column not found: 1054 Unknown column 'elielbluejack_fasting_prayerpoints.fasting_days_id' in 'where clause' in C:\xaamp_server\htdocs\install-master\install-master\vendor\doctrine\dbal\lib\Doctrine\DBAL\Driver\PDOConnection.php:77
Stack trace:
#0 C:\xaamp_server\htdocs\install-master\install-master\vendor\doctrine\dbal\lib\Doctrine\DBAL\Driver\PDOConnection.php(77): PDO->prepare('select * from `...', Array)
#1 C:\xaamp_server\htdocs\install-master\install-master\vendor\laravel\framework\src\Illuminate\Database\Connection.php(326): Doctrine\DBAL\Driver\PDOConnection->prepare('select * from `...')
#2 C:\xaamp_server\htdocs\install-master\install-master\vendor\laravel\framework\src\Illuminate\Database\Connection.php(657): Illuminate\Database\Connection->Illuminate\Database\{closure}('select * from `...', Array)
#3 C:\xaamp_server\htdocs\install-master\install-master\vendor\laravel\framework\src\Illuminate\Database\Connection.php(624): Illuminate\Database\Connection->runQueryCallback('select * from `...', Array, Object(Closure))
#4 C:\xaamp_server\htdocs\install-master\install-master\vendor\laravel\framework\src\Illuminate\Database\Connection.php(333): Illuminate\Database\Connection->run('select * from `...', Array, Object(Closure))
#5 C:\xaamp_server\htdocs\install-master\install-master\vendor\laravel\framework\src\Illuminate\Database\Query\Builder.php(1719): Illuminate\Database\Connection->select('select * from `...', Array, true)
#6 C:\xaamp_server\htdocs\install-master\install-master\vendor\laravel\framework\src\Illuminate\Database\Query\Builder.php(1704): Illuminate\Database\Query\Builder->runSelect()
#7 C:\xaamp_server\htdocs\install-master\install-master\vendor\october\rain\src\Database\QueryBuilder.php(122): Illuminate\Database\Query\Builder->get(Array)
#8 C:\xaamp_server\htdocs\install-master\install-master\vendor\october\rain\src\Database\QueryBuilder.php(92): October\Rain\Database\QueryBuilder->getDuplicateCached(Array)
#9 C:\xaamp_server\htdocs\install-master\install-master\vendor\laravel\framework\src\Illuminate\Database\Eloquent\Builder.php(481): October\Rain\Database\QueryBuilder->get(Array)
#10 C:\xaamp_server\htdocs\install-master\install-master\vendor\laravel\framework\src\Illuminate\Database\Eloquent\Builder.php(465): Illuminate\Database\Eloquent\Builder->getModels(Array)
#11 C:\xaamp_server\htdocs\install-master\install-master\vendor\laravel\framework\src\Illuminate\Database\Eloquent\Relations\Relation.php(154): Illuminate\Database\Eloquent\Builder->get(Array)
#12 C:\xaamp_server\htdocs\install-master\install-master\vendor\laravel\framework\src\Illuminate\Database\Eloquent\Relations\Relation.php(143): Illuminate\Database\Eloquent\Relations\Relation->get()
#13 C:\xaamp_server\htdocs\install-master\install-master\vendor\laravel\framework\src\Illuminate\Database\Eloquent\Builder.php(529): Illuminate\Database\Eloquent\Relations\Relation->getEager()
#14 C:\xaamp_server\htdocs\install-master\install-master\vendor\laravel\framework\src\Illuminate\Database\Eloquent\Builder.php(498): Illuminate\Database\Eloquent\Builder->eagerLoadRelation(Array, 'prayer_points', Object(Closure))
#15 C:\xaamp_server\htdocs\install-master\install-master\vendor\laravel\framework\src\Illuminate\Database\Eloquent\Builder.php(466): Illuminate\Database\Eloquent\Builder->eagerLoadRelations(Array)
#16 C:\xaamp_server\htdocs\install-master\install-master\plugins\elielbluejack\fasting\routes.php(6): Illuminate\Database\Eloquent\Builder->get()
#17 C:\xaamp_server\htdocs\install-master\install-master\vendor\laravel\framework\src\Illuminate\Routing\Route.php(198): System\Classes\PluginManager->{closure}()
#18 C:\xaamp_server\htdocs\install-master\install-master\vendor\laravel\framework\src\Illuminate\Routing\Route.php(172): Illuminate\Routing\Route->runCallable()
#19 C:\xaamp_server\htdocs\install-master\install-master\vendor\laravel\framework\src\Illuminate\Routing\Router.php(658): Illuminate\Routing\Route->run()
#20 C:\xaamp_server\htdocs\install-master\install-master\vendor\laravel\framework\src\Illuminate\Routing\Pipeline.php(30): Illuminate\Routing\Router->Illuminate\Routing\{closure}(Object(Illuminate\Http\Request))
#21 C:\xaamp_server\htdocs\install-master\install-master\vendor\laravel\framework\src\Illuminate\Pipeline\Pipeline.php(102): Illuminate\Routing\Pipeline->Illuminate\Routing\{closure}(Object(Illuminate\Http\Request))
#22 C:\xaamp_server\htdocs\install-master\install-master\vendor\laravel\framework\src\Illuminate\Routing\Router.php(660): Illuminate\Pipeline\Pipeline->then(Object(Closure))
#23 C:\xaamp_server\htdocs\install-master\install-master\vendor\laravel\framework\src\Illuminate\Routing\Router.php(635): Illuminate\Routing\Router->runRouteWithinStack(Object(Illuminate\Routing\Route), Object(Illuminate\Http\Request))
#24 C:\xaamp_server\htdocs\install-master\install-master\vendor\laravel\framework\src\Illuminate\Routing\Router.php(601): Illuminate\Routing\Router->runRoute(Object(Illuminate\Http\Request), Object(Illuminate\Routing\Route))
#25 C:\xaamp_server\htdocs\install-master\install-master\vendor\october\rain\src\Router\CoreRouter.php(20): Illuminate\Routing\Router->dispatchToRoute(Object(Illuminate\Http\Request))
#26 C:\xaamp_server\htdocs\install-master\install-master\vendor\laravel\framework\src\Illuminate\Foundation\Http\Kernel.php(176): October\Rain\Router\CoreRouter->dispatch(Object(Illuminate\Http\Request))
#27 C:\xaamp_server\htdocs\install-master\install-master\vendor\laravel\framework\src\Illuminate\Routing\Pipeline.php(30): Illuminate\Foundation\Http\Kernel->Illuminate\Foundation\Http\{closure}(Object(Illuminate\Http\Request))
#28 C:\xaamp_server\htdocs\install-master\install-master\vendor\laravel\framework\src\Illuminate\Foundation\Http\Middleware\CheckForMaintenanceMode.php(46): Illuminate\Routing\Pipeline->Illuminate\Routing\{closure}(Object(Illuminate\Http\Request))
#29 C:\xaamp_server\htdocs\install-master\install-master\vendor\october\rain\src\Foundation\Http\Middleware\CheckForMaintenanceMode.php(25): Illuminate\Foundation\Http\Middleware\CheckForMaintenanceMode->handle(Object(Illuminate\Http\Request), Object(Closure))
#30 C:\xaamp_server\htdocs\install-master\install-master\vendor\laravel\framework\src\Illuminate\Pipeline\Pipeline.php(149): October\Rain\Foundation\Http\Middleware\CheckForMaintenanceMode->handle(Object(Illuminate\Http\Request), Object(Closure))
#31 C:\xaamp_server\htdocs\install-master\install-master\vendor\laravel\framework\src\Illuminate\Routing\Pipeline.php(53): Illuminate\Pipeline\Pipeline->Illuminate\Pipeline\{closure}(Object(Illuminate\Http\Request))
#32 C:\xaamp_server\htdocs\install-master\install-master\vendor\laravel\framework\src\Illuminate\Pipeline\Pipeline.php(102): Illuminate\Routing\Pipeline->Illuminate\Routing\{closure}(Object(Illuminate\Http\Request))
#33 C:\xaamp_server\htdocs\install-master\install-master\vendor\laravel\framework\src\Illuminate\Foundation\Http\Kernel.php(151): Illuminate\Pipeline\Pipeline->then(Object(Closure))
#34 C:\xaamp_server\htdocs\install-master\install-master\vendor\laravel\framework\src\Illuminate\Foundation\Http\Kernel.php(116): Illuminate\Foundation\Http\Kernel->sendRequestThroughRouter(Object(Illuminate\Http\Request))
#35 C:\xaamp_server\htdocs\install-master\install-master\index.php(43): Illuminate\Foundation\Http\Kernel->handle(Object(Illuminate\Http\Request))
#36 {main}

Next Doctrine\DBAL\Driver\PDOException: SQLSTATE[42S22]: Column not found: 1054 Unknown column 'elielbluejack_fasting_prayerpoints.fasting_days_id' in 'where clause' in C:\xaamp_server\htdocs\install-master\install-master\vendor\doctrine\dbal\lib\Doctrine\DBAL\Driver\PDOConnection.php:79
Stack trace:
#0 C:\xaamp_server\htdocs\install-master\install-master\vendor\laravel\framework\src\Illuminate\Database\Connection.php(326): Doctrine\DBAL\Driver\PDOConnection->prepare('select * from `...')
#1 C:\xaamp_server\htdocs\install-master\install-master\vendor\laravel\framework\src\Illuminate\Database\Connection.php(657): Illuminate\Database\Connection->Illuminate\Database\{closure}('select * from `...', Array)
#2 C:\xaamp_server\htdocs\install-master\install-master\vendor\laravel\framework\src\Illuminate\Database\Connection.php(624): Illuminate\Database\Connection->runQueryCallback('select * from `...', Array, Object(Closure))
#3 C:\xaamp_server\htdocs\install-master\install-master\vendor\laravel\framework\src\Illuminate\Database\Connection.php(333): Illuminate\Database\Connection->run('select * from `...', Array, Object(Closure))
#4 C:\xaamp_server\htdocs\install-master\install-master\vendor\laravel\framework\src\Illuminate\Database\Query\Builder.php(1719): Illuminate\Database\Connection->select('select * from `...', Array, true)
#5 C:\xaamp_server\htdocs\install-master\install-master\vendor\laravel\framework\src\Illuminate\Database\Query\Builder.php(1704): Illuminate\Database\Query\Builder->runSelect()
#6 C:\xaamp_server\htdocs\install-master\install-master\vendor\october\rain\src\Database\QueryBuilder.php(122): Illuminate\Database\Query\Builder->get(Array)
#7 C:\xaamp_server\htdocs\install-master\install-master\vendor\october\rain\src\Database\QueryBuilder.php(92): October\Rain\Database\QueryBuilder->getDuplicateCached(Array)
#8 C:\xaamp_server\htdocs\install-master\install-master\vendor\laravel\framework\src\Illuminate\Database\Eloquent\Builder.php(481): October\Rain\Database\QueryBuilder->get(Array)
#9 C:\xaamp_server\htdocs\install-master\install-master\vendor\laravel\framework\src\Illuminate\Database\Eloquent\Builder.php(465): Illuminate\Database\Eloquent\Builder->getModels(Array)
#10 C:\xaamp_server\htdocs\install-master\install-master\vendor\laravel\framework\src\Illuminate\Database\Eloquent\Relations\Relation.php(154): Illuminate\Database\Eloquent\Builder->get(Array)
#11 C:\xaamp_server\htdocs\install-master\install-master\vendor\laravel\framework\src\Illuminate\Database\Eloquent\Relations\Relation.php(143): Illuminate\Database\Eloquent\Relations\Relation->get()
#12 C:\xaamp_server\htdocs\install-master\install-master\vendor\laravel\framework\src\Illuminate\Database\Eloquent\Builder.php(529): Illuminate\Database\Eloquent\Relations\Relation->getEager()
#13 C:\xaamp_server\htdocs\install-master\install-master\vendor\laravel\framework\src\Illuminate\Database\Eloquent\Builder.php(498): Illuminate\Database\Eloquent\Builder->eagerLoadRelation(Array, 'prayer_points', Object(Closure))
#14 C:\xaamp_server\htdocs\install-master\install-master\vendor\laravel\framework\src\Illuminate\Database\Eloquent\Builder.php(466): Illuminate\Database\Eloquent\Builder->eagerLoadRelations(Array)
#15 C:\xaamp_server\htdocs\install-master\install-master\plugins\elielbluejack\fasting\routes.php(6): Illuminate\Database\Eloquent\Builder->get()
#16 C:\xaamp_server\htdocs\install-master\install-master\vendor\laravel\framework\src\Illuminate\Routing\Route.php(198): System\Classes\PluginManager->{closure}()
#17 C:\xaamp_server\htdocs\install-master\install-master\vendor\laravel\framework\src\Illuminate\Routing\Route.php(172): Illuminate\Routing\Route->runCallable()
#18 C:\xaamp_server\htdocs\install-master\install-master\vendor\laravel\framework\src\Illuminate\Routing\Router.php(658): Illuminate\Routing\Route->run()
#19 C:\xaamp_server\htdocs\install-master\install-master\vendor\laravel\framework\src\Illuminate\Routing\Pipeline.php(30): Illuminate\Routing\Router->Illuminate\Routing\{closure}(Object(Illuminate\Http\Request))
#20 C:\xaamp_server\htdocs\install-master\install-master\vendor\laravel\framework\src\Illuminate\Pipeline\Pipeline.php(102): Illuminate\Routing\Pipeline->Illuminate\Routing\{closure}(Object(Illuminate\Http\Request))
#21 C:\xaamp_server\htdocs\install-master\install-master\vendor\laravel\framework\src\Illuminate\Routing\Router.php(660): Illuminate\Pipeline\Pipeline->then(Object(Closure))
#22 C:\xaamp_server\htdocs\install-master\install-master\vendor\laravel\framework\src\Illuminate\Routing\Router.php(635): Illuminate\Routing\Router->runRouteWithinStack(Object(Illuminate\Routing\Route), Object(Illuminate\Http\Request))
#23 C:\xaamp_server\htdocs\install-master\install-master\vendor\laravel\framework\src\Illuminate\Routing\Router.php(601): Illuminate\Routing\Router->runRoute(Object(Illuminate\Http\Request), Object(Illuminate\Routing\Route))
#24 C:\xaamp_server\htdocs\install-master\install-master\vendor\october\rain\src\Router\CoreRouter.php(20): Illuminate\Routing\Router->dispatchToRoute(Object(Illuminate\Http\Request))
#25 C:\xaamp_server\htdocs\install-master\install-master\vendor\laravel\framework\src\Illuminate\Foundation\Http\Kernel.php(176): October\Rain\Router\CoreRouter->dispatch(Object(Illuminate\Http\Request))
#26 C:\xaamp_server\htdocs\install-master\install-master\vendor\laravel\framework\src\Illuminate\Routing\Pipeline.php(30): Illuminate\Foundation\Http\Kernel->Illuminate\Foundation\Http\{closure}(Object(Illuminate\Http\Request))
#27 C:\xaamp_server\htdocs\install-master\install-master\vendor\laravel\framework\src\Illuminate\Foundation\Http\Middleware\CheckForMaintenanceMode.php(46): Illuminate\Routing\Pipeline->Illuminate\Routing\{closure}(Object(Illuminate\Http\Request))
#28 C:\xaamp_server\htdocs\install-master\install-master\vendor\october\rain\src\Foundation\Http\Middleware\CheckForMaintenanceMode.php(25): Illuminate\Foundation\Http\Middleware\CheckForMaintenanceMode->handle(Object(Illuminate\Http\Request), Object(Closure))
#29 C:\xaamp_server\htdocs\install-master\install-master\vendor\laravel\framework\src\Illuminate\Pipeline\Pipeline.php(149): October\Rain\Foundation\Http\Middleware\CheckForMaintenanceMode->handle(Object(Illuminate\Http\Request), Object(Closure))
#30 C:\xaamp_server\htdocs\install-master\install-master\vendor\laravel\framework\src\Illuminate\Routing\Pipeline.php(53): Illuminate\Pipeline\Pipeline->Illuminate\Pipeline\{closure}(Object(Illuminate\Http\Request))
#31 C:\xaamp_server\htdocs\install-master\install-master\vendor\laravel\framework\src\Illuminate\Pipeline\Pipeline.php(102): Illuminate\Routing\Pipeline->Illuminate\Routing\{closure}(Object(Illuminate\Http\Request))
#32 C:\xaamp_server\htdocs\install-master\install-master\vendor\laravel\framework\src\Illuminate\Foundation\Http\Kernel.php(151): Illuminate\Pipeline\Pipeline->then(Object(Closure))
#33 C:\xaamp_server\htdocs\install-master\install-master\vendor\laravel\framework\src\Illuminate\Foundation\Http\Kernel.php(116): Illuminate\Foundation\Http\Kernel->sendRequestThroughRouter(Object(Illuminate\Http\Request))
#34 C:\xaamp_server\htdocs\install-master\install-master\index.php(43): Illuminate\Foundation\Http\Kernel->handle(Object(Illuminate\Http\Request))
#35 {main}

Next Illuminate\Database\QueryException: SQLSTATE[42S22]: Column not found: 1054 Unknown column 'elielbluejack_fasting_prayerpoints.fasting_days_id' in 'where clause' (SQL: select * from `elielbluejack_fasting_prayerpoints` where `elielbluejack_fasting_prayerpoints`.`fasting_days_id` in (1, 2)) in C:\xaamp_server\htdocs\install-master\install-master\vendor\laravel\framework\src\Illuminate\Database\Connection.php:664
Stack trace:
#0 C:\xaamp_server\htdocs\install-master\install-master\vendor\laravel\framework\src\Illuminate\Database\Connection.php(624): Illuminate\Database\Connection->runQueryCallback('select * from `...', Array, Object(Closure))
#1 C:\xaamp_server\htdocs\install-master\install-master\vendor\laravel\framework\src\Illuminate\Database\Connection.php(333): Illuminate\Database\Connection->run('select * from `...', Array, Object(Closure))
#2 C:\xaamp_server\htdocs\install-master\install-master\vendor\laravel\framework\src\Illuminate\Database\Query\Builder.php(1719): Illuminate\Database\Connection->select('select * from `...', Array, true)
#3 C:\xaamp_server\htdocs\install-master\install-master\vendor\laravel\framework\src\Illuminate\Database\Query\Builder.php(1704): Illuminate\Database\Query\Builder->runSelect()
#4 C:\xaamp_server\htdocs\install-master\install-master\vendor\october\rain\src\Database\QueryBuilder.php(122): Illuminate\Database\Query\Builder->get(Array)
#5 C:\xaamp_server\htdocs\install-master\install-master\vendor\october\rain\src\Database\QueryBuilder.php(92): October\Rain\Database\QueryBuilder->getDuplicateCached(Array)
#6 C:\xaamp_server\htdocs\install-master\install-master\vendor\laravel\framework\src\Illuminate\Database\Eloquent\Builder.php(481): October\Rain\Database\QueryBuilder->get(Array)
#7 C:\xaamp_server\htdocs\install-master\install-master\vendor\laravel\framework\src\Illuminate\Database\Eloquent\Builder.php(465): Illuminate\Database\Eloquent\Builder->getModels(Array)
#8 C:\xaamp_server\htdocs\install-master\install-master\vendor\laravel\framework\src\Illuminate\Database\Eloquent\Relations\Relation.php(154): Illuminate\Database\Eloquent\Builder->get(Array)
#9 C:\xaamp_server\htdocs\install-master\install-master\vendor\laravel\framework\src\Illuminate\Database\Eloquent\Relations\Relation.php(143): Illuminate\Database\Eloquent\Relations\Relation->get()
#10 C:\xaamp_server\htdocs\install-master\install-master\vendor\laravel\framework\src\Illuminate\Database\Eloquent\Builder.php(529): Illuminate\Database\Eloquent\Relations\Relation->getEager()
#11 C:\xaamp_server\htdocs\install-master\install-master\vendor\laravel\framework\src\Illuminate\Database\Eloquent\Builder.php(498): Illuminate\Database\Eloquent\Builder->eagerLoadRelation(Array, 'prayer_points', Object(Closure))
#12 C:\xaamp_server\htdocs\install-master\install-master\vendor\laravel\framework\src\Illuminate\Database\Eloquent\Builder.php(466): Illuminate\Database\Eloquent\Builder->eagerLoadRelations(Array)
#13 C:\xaamp_server\htdocs\install-master\install-master\plugins\elielbluejack\fasting\routes.php(6): Illuminate\Database\Eloquent\Builder->get()
#14 C:\xaamp_server\htdocs\install-master\install-master\vendor\laravel\framework\src\Illuminate\Routing\Route.php(198): System\Classes\PluginManager->{closure}()
#15 C:\xaamp_server\htdocs\install-master\install-master\vendor\laravel\framework\src\Illuminate\Routing\Route.php(172): Illuminate\Routing\Route->runCallable()
#16 C:\xaamp_server\htdocs\install-master\install-master\vendor\laravel\framework\src\Illuminate\Routing\Router.php(658): Illuminate\Routing\Route->run()
#17 C:\xaamp_server\htdocs\install-master\install-master\vendor\laravel\framework\src\Illuminate\Routing\Pipeline.php(30): Illuminate\Routing\Router->Illuminate\Routing\{closure}(Object(Illuminate\Http\Request))
#18 C:\xaamp_server\htdocs\install-master\install-master\vendor\laravel\framework\src\Illuminate\Pipeline\Pipeline.php(102): Illuminate\Routing\Pipeline->Illuminate\Routing\{closure}(Object(Illuminate\Http\Request))
#19 C:\xaamp_server\htdocs\install-master\install-master\vendor\laravel\framework\src\Illuminate\Routing\Router.php(660): Illuminate\Pipeline\Pipeline->then(Object(Closure))
#20 C:\xaamp_server\htdocs\install-master\install-master\vendor\laravel\framework\src\Illuminate\Routing\Router.php(635): Illuminate\Routing\Router->runRouteWithinStack(Object(Illuminate\Routing\Route), Object(Illuminate\Http\Request))
#21 C:\xaamp_server\htdocs\install-master\install-master\vendor\laravel\framework\src\Illuminate\Routing\Router.php(601): Illuminate\Routing\Router->runRoute(Object(Illuminate\Http\Request), Object(Illuminate\Routing\Route))
#22 C:\xaamp_server\htdocs\install-master\install-master\vendor\october\rain\src\Router\CoreRouter.php(20): Illuminate\Routing\Router->dispatchToRoute(Object(Illuminate\Http\Request))
#23 C:\xaamp_server\htdocs\install-master\install-master\vendor\laravel\framework\src\Illuminate\Foundation\Http\Kernel.php(176): October\Rain\Router\CoreRouter->dispatch(Object(Illuminate\Http\Request))
#24 C:\xaamp_server\htdocs\install-master\install-master\vendor\laravel\framework\src\Illuminate\Routing\Pipeline.php(30): Illuminate\Foundation\Http\Kernel->Illuminate\Foundation\Http\{closure}(Object(Illuminate\Http\Request))
#25 C:\xaamp_server\htdocs\install-master\install-master\vendor\laravel\framework\src\Illuminate\Foundation\Http\Middleware\CheckForMaintenanceMode.php(46): Illuminate\Routing\Pipeline->Illuminate\Routing\{closure}(Object(Illuminate\Http\Request))
#26 C:\xaamp_server\htdocs\install-master\install-master\vendor\october\rain\src\Foundation\Http\Middleware\CheckForMaintenanceMode.php(25): Illuminate\Foundation\Http\Middleware\CheckForMaintenanceMode->handle(Object(Illuminate\Http\Request), Object(Closure))
#27 C:\xaamp_server\htdocs\install-master\install-master\vendor\laravel\framework\src\Illuminate\Pipeline\Pipeline.php(149): October\Rain\Foundation\Http\Middleware\CheckForMaintenanceMode->handle(Object(Illuminate\Http\Request), Object(Closure))
#28 C:\xaamp_server\htdocs\install-master\install-master\vendor\laravel\framework\src\Illuminate\Routing\Pipeline.php(53): Illuminate\Pipeline\Pipeline->Illuminate\Pipeline\{closure}(Object(Illuminate\Http\Request))
#29 C:\xaamp_server\htdocs\install-master\install-master\vendor\laravel\framework\src\Illuminate\Pipeline\Pipeline.php(102): Illuminate\Routing\Pipeline->Illuminate\Routing\{closure}(Object(Illuminate\Http\Request))
#30 C:\xaamp_server\htdocs\install-master\install-master\vendor\laravel\framework\src\Illuminate\Foundation\Http\Kernel.php(151): Illuminate\Pipeline\Pipeline->then(Object(Closure))
#31 C:\xaamp_server\htdocs\install-master\install-master\vendor\laravel\framework\src\Illuminate\Foundation\Http\Kernel.php(116): Illuminate\Foundation\Http\Kernel->sendRequestThroughRouter(Object(Illuminate\Http\Request))
#32 C:\xaamp_server\htdocs\install-master\install-master\index.php(43): Illuminate\Foundation\Http\Kernel->handle(Object(Illuminate\Http\Request))
#33 {main}  
